2017-12-22 03:43:34 [scrapy.utils.log] INFO: Scrapy 1.4.0 started (bot: willnighttest)
2017-12-22 03:43:34 [scrapy.utils.log] INFO: Versions: lxml 4.1.1.0, libxml2 2.9.7, cssselect 1.0.1, parsel 1.2.0, w3lib 1.18.0, Twisted 17.9.0, Python 2.7.9 (default, Jun 29 2016, 13:08:31) - [GCC 4.9.2], pyOpenSSL 17.5.0 (OpenSSL 1.1.0g  2 Nov 2017), cryptography 2.1.4, Platform Linux-4.2.0-27-generic-x86_64-with-debian-8.10
2017-12-22 03:43:34 [scrapy.crawler] INFO: Overridden settings: {'NEWSPIDER_MODULE': 'willnighttest.spiders', 'ROBOTSTXT_OBEY': True, 'SPIDER_MODULES': ['willnighttest.spiders'], 'BOT_NAME': 'willnighttest', 'FEED_URI': 'file:///var/lib/scrapyd/items/mastertest/baidu/48e3ca78e6ca11e7b0c10242ac110002.jl', 'LOG_FILE': '/var/lib/scrapyd/logs/mastertest/baidu/48e3ca78e6ca11e7b0c10242ac110002.log'}
2017-12-22 03:43:34 [scrapy.middleware] INFO: Enabled extensions:
['scrapy.extensions.feedexport.FeedExporter',
 'scrapy.extensions.memusage.MemoryUsage',
 'scrapy.extensions.logstats.LogStats',
 'scrapy.extensions.telnet.TelnetConsole',
 'scrapy.extensions.corestats.CoreStats']
2017-12-22 03:43:35 [scrapy.middleware] INFO: Enabled downloader middlewares:
['scrapy.downloadermiddlewares.robotstxt.RobotsTxtMiddleware',
 'scrapy.downloadermiddlewares.httpauth.HttpAuthMiddleware',
 'scrapy.downloadermiddlewares.downloadtimeout.DownloadTimeoutMiddleware',
 'scrapy.downloadermiddlewares.defaultheaders.DefaultHeadersMiddleware',
 'scrapy.downloadermiddlewares.useragent.UserAgentMiddleware',
 'scrapy.downloadermiddlewares.retry.RetryMiddleware',
 'scrapy.downloadermiddlewares.redirect.MetaRefreshMiddleware',
 'scrapy.downloadermiddlewares.httpcompression.HttpCompressionMiddleware',
 'scrapy.downloadermiddlewares.redirect.RedirectMiddleware',
 'scrapy.downloadermiddlewares.cookies.CookiesMiddleware',
 'scrapy.downloadermiddlewares.httpproxy.HttpProxyMiddleware',
 'scrapy.downloadermiddlewares.stats.DownloaderStats']
2017-12-22 03:43:35 [scrapy.middleware] INFO: Enabled spider middlewares:
['scrapy.spidermiddlewares.httperror.HttpErrorMiddleware',
 'scrapy.spidermiddlewares.offsite.OffsiteMiddleware',
 'scrapy.spidermiddlewares.referer.RefererMiddleware',
 'scrapy.spidermiddlewares.urllength.UrlLengthMiddleware',
 'scrapy.spidermiddlewares.depth.DepthMiddleware']
2017-12-22 03:43:35 [scrapy.middleware] INFO: Enabled item pipelines:
[]
2017-12-22 03:43:35 [scrapy.core.engine] INFO: Spider opened
2017-12-22 03:43:35 [scrapy.extensions.logstats] INFO: Crawled 0 pages (at 0 pages/min), scraped 0 items (at 0 items/min)
2017-12-22 03:43:35 [scrapy.extensions.telnet] DEBUG: Telnet console listening on 127.0.0.1:6023
2017-12-22 03:43:35 [scrapy.core.engine] DEBUG: Crawled (200) <GET http://www.baidu.com/robots.txt> (referer: None)
2017-12-22 03:43:35 [scrapy.core.engine] DEBUG: Crawled (200) <GET http://www.baidu.com/> (referer: None)
2017-12-22 03:43:35 [scrapy.core.engine] INFO: Closing spider (finished)
2017-12-22 03:43:35 [scrapy.statscollectors] INFO: Dumping Scrapy stats:
{'downloader/request_bytes': 434,
 'downloader/request_count': 2,
 'downloader/request_method_count/GET': 2,
 'downloader/response_bytes': 14747,
 'downloader/response_count': 2,
 'downloader/response_status_count/200': 2,
 'finish_reason': 'finished',
 'finish_time': datetime.datetime(2017, 12, 22, 3, 43, 35, 517742),
 'log_count/DEBUG': 3,
 'log_count/INFO': 7,
 'memusage/max': 54456320,
 'memusage/startup': 54456320,
 'response_received_count': 2,
 'scheduler/dequeued': 1,
 'scheduler/dequeued/memory': 1,
 'scheduler/enqueued': 1,
 'scheduler/enqueued/memory': 1,
 'start_time': datetime.datetime(2017, 12, 22, 3, 43, 35, 70248)}
2017-12-22 03:43:35 [scrapy.core.engine] INFO: Spider closed (finished)
willlngasda
